<?xml version="1.0" encoding="UTF-8"?>
<!-- Generated by org.testng.reporters.JUnitXMLReporter -->
<testsuite hostname="John007-Dell" ignored="0" name="Test" tests="3" failures="0" timestamp="19 Nov 2020 07:24:10 GMT" time="0.284" errors="0">
  <testcase name="carEmiCalculator" time="0.0" classname="testCases.CarLoanTest">
    <skipped/>
  </testcase> <!-- carEmiCalculator -->
  <testcase name="homeLoanEmiCalculator" time="0.0" classname="testCases.HomeLoanEmiTest">
    <skipped/>
  </testcase> <!-- homeLoanEmiCalculator -->
  <testcase name="loanCalculator" time="0.0" classname="testCases.LoanCalculatorTest">
    <skipped/>
  </testcase> <!-- loanCalculator -->
</testsuite> <!-- Test -->
